  Chess Engine.cpp
LINK : warning LNK4075: ignoring '/INCREMENTAL' due to '/PROFILE' specification
Chess Engine.obj : warning LNK4075: ignoring '/EDITANDCONTINUE' due to '/OPT:REF' specification
sfml-graphics-s-d.lib(Color.obj) : warning LNK4099: PDB '' was not found with 'sfml-graphics-s-d.lib(Color.obj)' or at ''; linking object as if no debug info
sfml-graphics-s-d.lib(Texture.obj) : warning LNK4099: PDB '' was not found with 'sfml-graphics-s-d.lib(Texture.obj)' or at ''; linking object as if no debug info
sfml-graphics-s-d.lib(RenderTarget.obj) : warning LNK4099: PDB '' was not found with 'sfml-graphics-s-d.lib(RenderTarget.obj)' or at ''; linking object as if no debug info
sfml-graphics-s-d.lib(RenderWindow.obj) : warning LNK4099: PDB '' was not found with 'sfml-graphics-s-d.lib(RenderWindow.obj)' or at ''; linking object as if no debug info
sfml-graphics-s-d.lib(Transformable.obj) : warning LNK4099: PDB '' was not found with 'sfml-graphics-s-d.lib(Transformable.obj)' or at ''; linking object as if no debug info
sfml-graphics-s-d.lib(Shape.obj) : warning LNK4099: PDB '' was not found with 'sfml-graphics-s-d.lib(Shape.obj)' or at ''; linking object as if no debug info
sfml-graphics-s-d.lib(RectangleShape.obj) : warning LNK4099: PDB '' was not found with 'sfml-graphics-s-d.lib(RectangleShape.obj)' or at ''; linking object as if no debug info
sfml-graphics-s-d.lib(Sprite.obj) : warning LNK4099: PDB '' was not found with 'sfml-graphics-s-d.lib(Sprite.obj)' or at ''; linking object as if no debug info
sfml-graphics-s-d.lib(RenderStates.obj) : warning LNK4099: PDB '' was not found with 'sfml-graphics-s-d.lib(RenderStates.obj)' or at ''; linking object as if no debug info
sfml-graphics-s-d.lib(Image.obj) : warning LNK4099: PDB '' was not found with 'sfml-graphics-s-d.lib(Image.obj)' or at ''; linking object as if no debug info
sfml-graphics-s-d.lib(GLExtensions.obj) : warning LNK4099: PDB '' was not found with 'sfml-graphics-s-d.lib(GLExtensions.obj)' or at ''; linking object as if no debug info
sfml-graphics-s-d.lib(GLCheck.obj) : warning LNK4099: PDB '' was not found with 'sfml-graphics-s-d.lib(GLCheck.obj)' or at ''; linking object as if no debug info
sfml-graphics-s-d.lib(TextureSaver.obj) : warning LNK4099: PDB '' was not found with 'sfml-graphics-s-d.lib(TextureSaver.obj)' or at ''; linking object as if no debug info
sfml-graphics-s-d.lib(Transform.obj) : warning LNK4099: PDB '' was not found with 'sfml-graphics-s-d.lib(Transform.obj)' or at ''; linking object as if no debug info
sfml-graphics-s-d.lib(View.obj) : warning LNK4099: PDB '' was not found with 'sfml-graphics-s-d.lib(View.obj)' or at ''; linking object as if no debug info
sfml-graphics-s-d.lib(BlendMode.obj) : warning LNK4099: PDB '' was not found with 'sfml-graphics-s-d.lib(BlendMode.obj)' or at ''; linking object as if no debug info
sfml-graphics-s-d.lib(Vertex.obj) : warning LNK4099: PDB '' was not found with 'sfml-graphics-s-d.lib(Vertex.obj)' or at ''; linking object as if no debug info
sfml-graphics-s-d.lib(Shader.obj) : warning LNK4099: PDB '' was not found with 'sfml-graphics-s-d.lib(Shader.obj)' or at ''; linking object as if no debug info
sfml-graphics-s-d.lib(VertexBuffer.obj) : warning LNK4099: PDB '' was not found with 'sfml-graphics-s-d.lib(VertexBuffer.obj)' or at ''; linking object as if no debug info
sfml-graphics-s-d.lib(RenderTextureImplFBO.obj) : warning LNK4099: PDB '' was not found with 'sfml-graphics-s-d.lib(RenderTextureImplFBO.obj)' or at ''; linking object as if no debug info
sfml-graphics-s-d.lib(VertexArray.obj) : warning LNK4099: PDB '' was not found with 'sfml-graphics-s-d.lib(VertexArray.obj)' or at ''; linking object as if no debug info
sfml-graphics-s-d.lib(ImageLoader.obj) : warning LNK4099: PDB '' was not found with 'sfml-graphics-s-d.lib(ImageLoader.obj)' or at ''; linking object as if no debug info
sfml-graphics-s-d.lib(Glsl.obj) : warning LNK4099: PDB '' was not found with 'sfml-graphics-s-d.lib(Glsl.obj)' or at ''; linking object as if no debug info
sfml-graphics-s-d.lib(RenderTextureImpl.obj) : warning LNK4099: PDB '' was not found with 'sfml-graphics-s-d.lib(RenderTextureImpl.obj)' or at ''; linking object as if no debug info
sfml-window-s-d.lib(VideoMode.obj) : warning LNK4099: PDB '' was not found with 'sfml-window-s-d.lib(VideoMode.obj)' or at ''; linking object as if no debug info
sfml-window-s-d.lib(WindowBase.obj) : warning LNK4099: PDB '' was not found with 'sfml-window-s-d.lib(WindowBase.obj)' or at ''; linking object as if no debug info
sfml-window-s-d.lib(Window.obj) : warning LNK4099: PDB '' was not found with 'sfml-window-s-d.lib(Window.obj)' or at ''; linking object as if no debug info
sfml-window-s-d.lib(Mouse.obj) : warning LNK4099: PDB '' was not found with 'sfml-window-s-d.lib(Mouse.obj)' or at ''; linking object as if no debug info
sfml-window-s-d.lib(GlResource.obj) : warning LNK4099: PDB '' was not found with 'sfml-window-s-d.lib(GlResource.obj)' or at ''; linking object as if no debug info
sfml-window-s-d.lib(Context.obj) : warning LNK4099: PDB '' was not found with 'sfml-window-s-d.lib(Context.obj)' or at ''; linking object as if no debug info
sfml-window-s-d.lib(VideoModeImpl.obj) : warning LNK4099: PDB '' was not found with 'sfml-window-s-d.lib(VideoModeImpl.obj)' or at ''; linking object as if no debug info
sfml-window-s-d.lib(Cursor.obj) : warning LNK4099: PDB '' was not found with 'sfml-window-s-d.lib(Cursor.obj)' or at ''; linking object as if no debug info
sfml-window-s-d.lib(WindowImpl.obj) : warning LNK4099: PDB '' was not found with 'sfml-window-s-d.lib(WindowImpl.obj)' or at ''; linking object as if no debug info
sfml-window-s-d.lib(GlContext.obj) : warning LNK4099: PDB '' was not found with 'sfml-window-s-d.lib(GlContext.obj)' or at ''; linking object as if no debug info
sfml-window-s-d.lib(InputImpl.obj) : warning LNK4099: PDB '' was not found with 'sfml-window-s-d.lib(InputImpl.obj)' or at ''; linking object as if no debug info
sfml-window-s-d.lib(CursorImpl.obj) : warning LNK4099: PDB '' was not found with 'sfml-window-s-d.lib(CursorImpl.obj)' or at ''; linking object as if no debug info
sfml-window-s-d.lib(JoystickManager.obj) : warning LNK4099: PDB '' was not found with 'sfml-window-s-d.lib(JoystickManager.obj)' or at ''; linking object as if no debug info
sfml-window-s-d.lib(SensorManager.obj) : warning LNK4099: PDB '' was not found with 'sfml-window-s-d.lib(SensorManager.obj)' or at ''; linking object as if no debug info
sfml-window-s-d.lib(WindowImplWin32.obj) : warning LNK4099: PDB '' was not found with 'sfml-window-s-d.lib(WindowImplWin32.obj)' or at ''; linking object as if no debug info
sfml-window-s-d.lib(VulkanImplWin32.obj) : warning LNK4099: PDB '' was not found with 'sfml-window-s-d.lib(VulkanImplWin32.obj)' or at ''; linking object as if no debug info
sfml-window-s-d.lib(WglContext.obj) : warning LNK4099: PDB '' was not found with 'sfml-window-s-d.lib(WglContext.obj)' or at ''; linking object as if no debug info
sfml-window-s-d.lib(Joystick.obj) : warning LNK4099: PDB '' was not found with 'sfml-window-s-d.lib(Joystick.obj)' or at ''; linking object as if no debug info
sfml-window-s-d.lib(JoystickImpl.obj) : warning LNK4099: PDB '' was not found with 'sfml-window-s-d.lib(JoystickImpl.obj)' or at ''; linking object as if no debug info
sfml-window-s-d.lib(SensorImpl.obj) : warning LNK4099: PDB '' was not found with 'sfml-window-s-d.lib(SensorImpl.obj)' or at ''; linking object as if no debug info
sfml-audio-s-d.lib(Sound.obj) : warning LNK4099: PDB '' was not found with 'sfml-audio-s-d.lib(Sound.obj)' or at ''; linking object as if no debug info
sfml-audio-s-d.lib(SoundBuffer.obj) : warning LNK4099: PDB '' was not found with 'sfml-audio-s-d.lib(SoundBuffer.obj)' or at ''; linking object as if no debug info
sfml-audio-s-d.lib(SoundSource.obj) : warning LNK4099: PDB '' was not found with 'sfml-audio-s-d.lib(SoundSource.obj)' or at ''; linking object as if no debug info
sfml-audio-s-d.lib(ALCheck.obj) : warning LNK4099: PDB '' was not found with 'sfml-audio-s-d.lib(ALCheck.obj)' or at ''; linking object as if no debug info
sfml-audio-s-d.lib(AlResource.obj) : warning LNK4099: PDB '' was not found with 'sfml-audio-s-d.lib(AlResource.obj)' or at ''; linking object as if no debug info
sfml-audio-s-d.lib(InputSoundFile.obj) : warning LNK4099: PDB '' was not found with 'sfml-audio-s-d.lib(InputSoundFile.obj)' or at ''; linking object as if no debug info
sfml-audio-s-d.lib(OutputSoundFile.obj) : warning LNK4099: PDB '' was not found with 'sfml-audio-s-d.lib(OutputSoundFile.obj)' or at ''; linking object as if no debug info
sfml-audio-s-d.lib(AudioDevice.obj) : warning LNK4099: PDB '' was not found with 'sfml-audio-s-d.lib(AudioDevice.obj)' or at ''; linking object as if no debug info
sfml-audio-s-d.lib(SoundFileFactory.obj) : warning LNK4099: PDB '' was not found with 'sfml-audio-s-d.lib(SoundFileFactory.obj)' or at ''; linking object as if no debug info
sfml-audio-s-d.lib(SoundFileReaderFlac.obj) : warning LNK4099: PDB '' was not found with 'sfml-audio-s-d.lib(SoundFileReaderFlac.obj)' or at ''; linking object as if no debug info
sfml-audio-s-d.lib(SoundFileWriterFlac.obj) : warning LNK4099: PDB '' was not found with 'sfml-audio-s-d.lib(SoundFileWriterFlac.obj)' or at ''; linking object as if no debug info
sfml-audio-s-d.lib(SoundFileReaderMp3.obj) : warning LNK4099: PDB '' was not found with 'sfml-audio-s-d.lib(SoundFileReaderMp3.obj)' or at ''; linking object as if no debug info
sfml-audio-s-d.lib(SoundFileReaderOgg.obj) : warning LNK4099: PDB '' was not found with 'sfml-audio-s-d.lib(SoundFileReaderOgg.obj)' or at ''; linking object as if no debug info
sfml-audio-s-d.lib(SoundFileWriterOgg.obj) : warning LNK4099: PDB '' was not found with 'sfml-audio-s-d.lib(SoundFileWriterOgg.obj)' or at ''; linking object as if no debug info
sfml-audio-s-d.lib(SoundFileReaderWav.obj) : warning LNK4099: PDB '' was not found with 'sfml-audio-s-d.lib(SoundFileReaderWav.obj)' or at ''; linking object as if no debug info
sfml-audio-s-d.lib(SoundFileWriterWav.obj) : warning LNK4099: PDB '' was not found with 'sfml-audio-s-d.lib(SoundFileWriterWav.obj)' or at ''; linking object as if no debug info
sfml-system-s-d.lib(String.obj) : warning LNK4099: PDB '' was not found with 'sfml-system-s-d.lib(String.obj)' or at ''; linking object as if no debug info
sfml-system-s-d.lib(Mutex.obj) : warning LNK4099: PDB '' was not found with 'sfml-system-s-d.lib(Mutex.obj)' or at ''; linking object as if no debug info
sfml-system-s-d.lib(Lock.obj) : warning LNK4099: PDB '' was not found with 'sfml-system-s-d.lib(Lock.obj)' or at ''; linking object as if no debug info
sfml-system-s-d.lib(Err.obj) : warning LNK4099: PDB '' was not found with 'sfml-system-s-d.lib(Err.obj)' or at ''; linking object as if no debug info
sfml-system-s-d.lib(Time.obj) : warning LNK4099: PDB '' was not found with 'sfml-system-s-d.lib(Time.obj)' or at ''; linking object as if no debug info
sfml-system-s-d.lib(Clock.obj) : warning LNK4099: PDB '' was not found with 'sfml-system-s-d.lib(Clock.obj)' or at ''; linking object as if no debug info
sfml-system-s-d.lib(Sleep.obj) : warning LNK4099: PDB '' was not found with 'sfml-system-s-d.lib(Sleep.obj)' or at ''; linking object as if no debug info
sfml-system-s-d.lib(ThreadLocal.obj) : warning LNK4099: PDB '' was not found with 'sfml-system-s-d.lib(ThreadLocal.obj)' or at ''; linking object as if no debug info
sfml-system-s-d.lib(FileInputStream.obj) : warning LNK4099: PDB '' was not found with 'sfml-system-s-d.lib(FileInputStream.obj)' or at ''; linking object as if no debug info
sfml-system-s-d.lib(MemoryInputStream.obj) : warning LNK4099: PDB '' was not found with 'sfml-system-s-d.lib(MemoryInputStream.obj)' or at ''; linking object as if no debug info
sfml-system-s-d.lib(MutexImpl.obj) : warning LNK4099: PDB '' was not found with 'sfml-system-s-d.lib(MutexImpl.obj)' or at ''; linking object as if no debug info
sfml-system-s-d.lib(ClockImpl.obj) : warning LNK4099: PDB '' was not found with 'sfml-system-s-d.lib(ClockImpl.obj)' or at ''; linking object as if no debug info
sfml-system-s-d.lib(SleepImpl.obj) : warning LNK4099: PDB '' was not found with 'sfml-system-s-d.lib(SleepImpl.obj)' or at ''; linking object as if no debug info
sfml-system-s-d.lib(ThreadLocalImpl.obj) : warning LNK4099: PDB '' was not found with 'sfml-system-s-d.lib(ThreadLocalImpl.obj)' or at ''; linking object as if no debug info
sfml-audio-s-d.lib(Sound.obj) : error LNK2019: unresolved external symbol __imp_alSourcef referenced in function "public: void __cdecl sf::Sound::setPlayingOffset(class sf::Time)" (?setPlayingOffset@Sound@sf@@QEAAXVTime@2@@Z)
sfml-audio-s-d.lib(SoundSource.obj) : error LNK2001: unresolved external symbol __imp_alSourcef
sfml-audio-s-d.lib(Sound.obj) : error LNK2019: unresolved external symbol __imp_alSourcei referenced in function "public: void __cdecl sf::Sound::setBuffer(class sf::SoundBuffer const &)" (?setBuffer@Sound@sf@@QEAAXAEBVSoundBuffer@2@@Z)
sfml-audio-s-d.lib(SoundSource.obj) : error LNK2001: unresolved external symbol __imp_alSourcei
sfml-audio-s-d.lib(Sound.obj) : error LNK2019: unresolved external symbol __imp_alGetSourcef referenced in function "public: class sf::Time __cdecl sf::Sound::getPlayingOffset(void)const " (?getPlayingOffset@Sound@sf@@QEBA?AVTime@2@XZ)
sfml-audio-s-d.lib(SoundSource.obj) : error LNK2001: unresolved external symbol __imp_alGetSourcef
sfml-audio-s-d.lib(Sound.obj) : error LNK2019: unresolved external symbol __imp_alGetSourcei referenced in function "public: bool __cdecl sf::Sound::getLoop(void)const " (?getLoop@Sound@sf@@QEBA_NXZ)
sfml-audio-s-d.lib(SoundSource.obj) : error LNK2001: unresolved external symbol __imp_alGetSourcei
sfml-audio-s-d.lib(Sound.obj) : error LNK2019: unresolved external symbol __imp_alSourcePlay referenced in function "public: virtual void __cdecl sf::Sound::play(void)" (?play@Sound@sf@@UEAAXXZ)
sfml-audio-s-d.lib(Sound.obj) : error LNK2019: unresolved external symbol __imp_alSourceStop referenced in function "public: virtual void __cdecl sf::Sound::stop(void)" (?stop@Sound@sf@@UEAAXXZ)
sfml-audio-s-d.lib(Sound.obj) : error LNK2019: unresolved external symbol __imp_alSourcePause referenced in function "public: virtual void __cdecl sf::Sound::pause(void)" (?pause@Sound@sf@@UEAAXXZ)
sfml-audio-s-d.lib(SoundBuffer.obj) : error LNK2019: unresolved external symbol __imp_alGenBuffers referenced in function "public: __cdecl sf::SoundBuffer::SoundBuffer(void)" (??0SoundBuffer@sf@@QEAA@XZ)
sfml-audio-s-d.lib(SoundBuffer.obj) : error LNK2019: unresolved external symbol __imp_alDeleteBuffers referenced in function "public: __cdecl sf::SoundBuffer::~SoundBuffer(void)" (??1SoundBuffer@sf@@QEAA@XZ)
sfml-audio-s-d.lib(SoundBuffer.obj) : error LNK2019: unresolved external symbol __imp_alBufferData referenced in function "private: bool __cdecl sf::SoundBuffer::update(unsigned int,unsigned int)" (?update@SoundBuffer@sf@@AEAA_NII@Z)
sfml-audio-s-d.lib(SoundBuffer.obj) : error LNK2019: unresolved external symbol __imp_alGetBufferi referenced in function "public: unsigned int __cdecl sf::SoundBuffer::getSampleRate(void)const " (?getSampleRate@SoundBuffer@sf@@QEBAIXZ)
sfml-audio-s-d.lib(SoundSource.obj) : error LNK2019: unresolved external symbol __imp_alGenSources referenced in function "public: __cdecl sf::SoundSource::SoundSource(class sf::SoundSource const &)" (??0SoundSource@sf@@QEAA@AEBV01@@Z)
sfml-audio-s-d.lib(SoundSource.obj) : error LNK2019: unresolved external symbol __imp_alDeleteSources referenced in function "public: virtual __cdecl sf::SoundSource::~SoundSource(void)" (??1SoundSource@sf@@UEAA@XZ)
sfml-audio-s-d.lib(SoundSource.obj) : error LNK2019: unresolved external symbol __imp_alSource3f referenced in function "public: void __cdecl sf::SoundSource::setPosition(float,float,float)" (?setPosition@SoundSource@sf@@QEAAXMMM@Z)
sfml-audio-s-d.lib(SoundSource.obj) : error LNK2019: unresolved external symbol __imp_alGetSource3f referenced in function "public: class sf::Vector3<float> __cdecl sf::SoundSource::getPosition(void)const " (?getPosition@SoundSource@sf@@QEBA?AV?$Vector3@M@2@XZ)
sfml-audio-s-d.lib(ALCheck.obj) : error LNK2019: unresolved external symbol __imp_alGetError referenced in function "void __cdecl sf::priv::alCheckError(char const *,unsigned int,char const *)" (?alCheckError@priv@sf@@YAXPEBDI0@Z)
sfml-audio-s-d.lib(AudioDevice.obj) : error LNK2019: unresolved external symbol __imp_alIsExtensionPresent referenced in function "public: static bool __cdecl sf::priv::AudioDevice::isExtensionSupported(class std::basic_string<char,struct std::char_traits<char>,class std::allocator<char> > const &)" (?isExtensionSupported@AudioDevice@priv@sf@@SA_NAEBV?$basic_string@DU?$char_traits@D@std@@V?$allocator@D@2@@std@@@Z)
sfml-audio-s-d.lib(AudioDevice.obj) : error LNK2019: unresolved external symbol __imp_alGetEnumValue referenced in function "public: static int __cdecl sf::priv::AudioDevice::getFormatFromChannelCount(unsigned int)" (?getFormatFromChannelCount@AudioDevice@priv@sf@@SAHI@Z)
sfml-audio-s-d.lib(AudioDevice.obj) : error LNK2019: unresolved external symbol __imp_alListenerf referenced in function "public: __cdecl sf::priv::AudioDevice::AudioDevice(void)" (??0AudioDevice@priv@sf@@QEAA@XZ)
sfml-audio-s-d.lib(AudioDevice.obj) : error LNK2019: unresolved external symbol __imp_alListener3f referenced in function "public: __cdecl sf::priv::AudioDevice::AudioDevice(void)" (??0AudioDevice@priv@sf@@QEAA@XZ)
sfml-audio-s-d.lib(AudioDevice.obj) : error LNK2019: unresolved external symbol __imp_alListenerfv referenced in function "public: __cdecl sf::priv::AudioDevice::AudioDevice(void)" (??0AudioDevice@priv@sf@@QEAA@XZ)
sfml-audio-s-d.lib(AudioDevice.obj) : error LNK2019: unresolved external symbol __imp_alcCreateContext referenced in function "public: __cdecl sf::priv::AudioDevice::AudioDevice(void)" (??0AudioDevice@priv@sf@@QEAA@XZ)
sfml-audio-s-d.lib(AudioDevice.obj) : error LNK2019: unresolved external symbol __imp_alcMakeContextCurrent referenced in function "public: __cdecl sf::priv::AudioDevice::AudioDevice(void)" (??0AudioDevice@priv@sf@@QEAA@XZ)
sfml-audio-s-d.lib(AudioDevice.obj) : error LNK2019: unresolved external symbol __imp_alcDestroyContext referenced in function "public: __cdecl sf::priv::AudioDevice::~AudioDevice(void)" (??1AudioDevice@priv@sf@@QEAA@XZ)
sfml-audio-s-d.lib(AudioDevice.obj) : error LNK2019: unresolved external symbol __imp_alcOpenDevice referenced in function "public: __cdecl sf::priv::AudioDevice::AudioDevice(void)" (??0AudioDevice@priv@sf@@QEAA@XZ)
sfml-audio-s-d.lib(AudioDevice.obj) : error LNK2019: unresolved external symbol __imp_alcCloseDevice referenced in function "public: __cdecl sf::priv::AudioDevice::~AudioDevice(void)" (??1AudioDevice@priv@sf@@QEAA@XZ)
sfml-audio-s-d.lib(AudioDevice.obj) : error LNK2019: unresolved external symbol __imp_alcIsExtensionPresent referenced in function "public: static bool __cdecl sf::priv::AudioDevice::isExtensionSupported(class std::basic_string<char,struct std::char_traits<char>,class std::allocator<char> > const &)" (?isExtensionSupported@AudioDevice@priv@sf@@SA_NAEBV?$basic_string@DU?$char_traits@D@std@@V?$allocator@D@2@@std@@@Z)
sfml-audio-s-d.lib(SoundFileReaderFlac.obj) : error LNK2019: unresolved external symbol FLAC__stream_decoder_new referenced in function "public: static bool __cdecl sf::priv::SoundFileReaderFlac::check(class sf::InputStream &)" (?check@SoundFileReaderFlac@priv@sf@@SA_NAEAVInputStream@3@@Z)
sfml-audio-s-d.lib(SoundFileReaderFlac.obj) : error LNK2019: unresolved external symbol FLAC__stream_decoder_delete referenced in function "public: static bool __cdecl sf::priv::SoundFileReaderFlac::check(class sf::InputStream &)" (?check@SoundFileReaderFlac@priv@sf@@SA_NAEAVInputStream@3@@Z)
sfml-audio-s-d.lib(SoundFileReaderFlac.obj) : error LNK2019: unresolved external symbol FLAC__stream_decoder_get_state referenced in function "public: virtual unsigned __int64 __cdecl sf::priv::SoundFileReaderFlac::read(short *,unsigned __int64)" (?read@SoundFileReaderFlac@priv@sf@@UEAA_KPEAF_K@Z)
sfml-audio-s-d.lib(SoundFileReaderFlac.obj) : error LNK2019: unresolved external symbol FLAC__stream_decoder_init_stream referenced in function "public: static bool __cdecl sf::priv::SoundFileReaderFlac::check(class sf::InputStream &)" (?check@SoundFileReaderFlac@priv@sf@@SA_NAEAVInputStream@3@@Z)
sfml-audio-s-d.lib(SoundFileReaderFlac.obj) : error LNK2019: unresolved external symbol FLAC__stream_decoder_finish referenced in function "public: static bool __cdecl sf::priv::SoundFileReaderFlac::check(class sf::InputStream &)" (?check@SoundFileReaderFlac@priv@sf@@SA_NAEAVInputStream@3@@Z)
sfml-audio-s-d.lib(SoundFileReaderFlac.obj) : error LNK2019: unresolved external symbol FLAC__stream_decoder_process_single referenced in function "public: virtual unsigned __int64 __cdecl sf::priv::SoundFileReaderFlac::read(short *,unsigned __int64)" (?read@SoundFileReaderFlac@priv@sf@@UEAA_KPEAF_K@Z)
sfml-audio-s-d.lib(SoundFileReaderFlac.obj) : error LNK2019: unresolved external symbol FLAC__stream_decoder_process_until_end_of_metadata referenced in function "public: static bool __cdecl sf::priv::SoundFileReaderFlac::check(class sf::InputStream &)" (?check@SoundFileReaderFlac@priv@sf@@SA_NAEAVInputStream@3@@Z)
sfml-audio-s-d.lib(SoundFileReaderFlac.obj) : error LNK2019: unresolved external symbol FLAC__stream_decoder_skip_single_frame referenced in function "public: virtual void __cdecl sf::priv::SoundFileReaderFlac::seek(unsigned __int64)" (?seek@SoundFileReaderFlac@priv@sf@@UEAAX_K@Z)
sfml-audio-s-d.lib(SoundFileReaderFlac.obj) : error LNK2019: unresolved external symbol FLAC__stream_decoder_seek_absolute referenced in function "public: virtual void __cdecl sf::priv::SoundFileReaderFlac::seek(unsigned __int64)" (?seek@SoundFileReaderFlac@priv@sf@@UEAAX_K@Z)
sfml-audio-s-d.lib(SoundFileWriterFlac.obj) : error LNK2019: unresolved external symbol FLAC__stream_encoder_new referenced in function "public: virtual bool __cdecl sf::priv::SoundFileWriterFlac::open(class std::basic_string<char,struct std::char_traits<char>,class std::allocator<char> > const &,unsigned int,unsigned int)" (?open@SoundFileWriterFlac@priv@sf@@UEAA_NAEBV?$basic_string@DU?$char_traits@D@std@@V?$allocator@D@2@@std@@II@Z)
sfml-audio-s-d.lib(SoundFileWriterFlac.obj) : error LNK2019: unresolved external symbol FLAC__stream_encoder_delete referenced in function "private: void __cdecl sf::priv::SoundFileWriterFlac::close(void)" (?close@SoundFileWriterFlac@priv@sf@@AEAAXXZ)
sfml-audio-s-d.lib(SoundFileWriterFlac.obj) : error LNK2019: unresolved external symbol FLAC__stream_encoder_set_channels referenced in function "public: virtual bool __cdecl sf::priv::SoundFileWriterFlac::open(class std::basic_string<char,struct std::char_traits<char>,class std::allocator<char> > const &,unsigned int,unsigned int)" (?open@SoundFileWriterFlac@priv@sf@@UEAA_NAEBV?$basic_string@DU?$char_traits@D@std@@V?$allocator@D@2@@std@@II@Z)
sfml-audio-s-d.lib(SoundFileWriterFlac.obj) : error LNK2019: unresolved external symbol FLAC__stream_encoder_set_bits_per_sample referenced in function "public: virtual bool __cdecl sf::priv::SoundFileWriterFlac::open(class std::basic_string<char,struct std::char_traits<char>,class std::allocator<char> > const &,unsigned int,unsigned int)" (?open@SoundFileWriterFlac@priv@sf@@UEAA_NAEBV?$basic_string@DU?$char_traits@D@std@@V?$allocator@D@2@@std@@II@Z)
sfml-audio-s-d.lib(SoundFileWriterFlac.obj) : error LNK2019: unresolved external symbol FLAC__stream_encoder_set_sample_rate referenced in function "public: virtual bool __cdecl sf::priv::SoundFileWriterFlac::open(class std::basic_string<char,struct std::char_traits<char>,class std::allocator<char> > const &,unsigned int,unsigned int)" (?open@SoundFileWriterFlac@priv@sf@@UEAA_NAEBV?$basic_string@DU?$char_traits@D@std@@V?$allocator@D@2@@std@@II@Z)
sfml-audio-s-d.lib(SoundFileWriterFlac.obj) : error LNK2019: unresolved external symbol FLAC__stream_encoder_init_file referenced in function "public: virtual bool __cdecl sf::priv::SoundFileWriterFlac::open(class std::basic_string<char,struct std::char_traits<char>,class std::allocator<char> > const &,unsigned int,unsigned int)" (?open@SoundFileWriterFlac@priv@sf@@UEAA_NAEBV?$basic_string@DU?$char_traits@D@std@@V?$allocator@D@2@@std@@II@Z)
sfml-audio-s-d.lib(SoundFileWriterFlac.obj) : error LNK2019: unresolved external symbol FLAC__stream_encoder_finish referenced in function "private: void __cdecl sf::priv::SoundFileWriterFlac::close(void)" (?close@SoundFileWriterFlac@priv@sf@@AEAAXXZ)
sfml-audio-s-d.lib(SoundFileWriterFlac.obj) : error LNK2019: unresolved external symbol FLAC__stream_encoder_process_interleaved referenced in function "public: virtual void __cdecl sf::priv::SoundFileWriterFlac::write(short const *,unsigned __int64)" (?write@SoundFileWriterFlac@priv@sf@@UEAAXPEBF_K@Z)
sfml-audio-s-d.lib(SoundFileReaderOgg.obj) : error LNK2019: unresolved external symbol ov_clear referenced in function "public: static bool __cdecl sf::priv::SoundFileReaderOgg::check(class sf::InputStream &)" (?check@SoundFileReaderOgg@priv@sf@@SA_NAEAVInputStream@3@@Z)
sfml-audio-s-d.lib(SoundFileReaderOgg.obj) : error LNK2019: unresolved external symbol ov_open_callbacks referenced in function "public: virtual bool __cdecl sf::priv::SoundFileReaderOgg::open(class sf::InputStream &,struct sf::SoundFileReader::Info &)" (?open@SoundFileReaderOgg@priv@sf@@UEAA_NAEAVInputStream@3@AEAUInfo@SoundFileReader@3@@Z)
sfml-audio-s-d.lib(SoundFileReaderOgg.obj) : error LNK2019: unresolved external symbol ov_test_callbacks referenced in function "public: static bool __cdecl sf::priv::SoundFileReaderOgg::check(class sf::InputStream &)" (?check@SoundFileReaderOgg@priv@sf@@SA_NAEAVInputStream@3@@Z)
sfml-audio-s-d.lib(SoundFileReaderOgg.obj) : error LNK2019: unresolved external symbol ov_pcm_total referenced in function "public: virtual bool __cdecl sf::priv::SoundFileReaderOgg::open(class sf::InputStream &,struct sf::SoundFileReader::Info &)" (?open@SoundFileReaderOgg@priv@sf@@UEAA_NAEAVInputStream@3@AEAUInfo@SoundFileReader@3@@Z)
sfml-audio-s-d.lib(SoundFileReaderOgg.obj) : error LNK2019: unresolved external symbol ov_pcm_seek referenced in function "public: virtual void __cdecl sf::priv::SoundFileReaderOgg::seek(unsigned __int64)" (?seek@SoundFileReaderOgg@priv@sf@@UEAAX_K@Z)
sfml-audio-s-d.lib(SoundFileReaderOgg.obj) : error LNK2019: unresolved external symbol ov_info referenced in function "public: virtual bool __cdecl sf::priv::SoundFileReaderOgg::open(class sf::InputStream &,struct sf::SoundFileReader::Info &)" (?open@SoundFileReaderOgg@priv@sf@@UEAA_NAEAVInputStream@3@AEAUInfo@SoundFileReader@3@@Z)
sfml-audio-s-d.lib(SoundFileReaderOgg.obj) : error LNK2019: unresolved external symbol ov_read referenced in function "public: virtual unsigned __int64 __cdecl sf::priv::SoundFileReaderOgg::read(short *,unsigned __int64)" (?read@SoundFileReaderOgg@priv@sf@@UEAA_KPEAF_K@Z)
sfml-audio-s-d.lib(SoundFileWriterOgg.obj) : error LNK2019: unresolved external symbol ogg_stream_packetin referenced in function "public: virtual bool __cdecl sf::priv::SoundFileWriterOgg::open(class std::basic_string<char,struct std::char_traits<char>,class std::allocator<char> > const &,unsigned int,unsigned int)" (?open@SoundFileWriterOgg@priv@sf@@UEAA_NAEBV?$basic_string@DU?$char_traits@D@std@@V?$allocator@D@2@@std@@II@Z)
sfml-audio-s-d.lib(SoundFileWriterOgg.obj) : error LNK2019: unresolved external symbol ogg_stream_flush referenced in function "public: virtual bool __cdecl sf::priv::SoundFileWriterOgg::open(class std::basic_string<char,struct std::char_traits<char>,class std::allocator<char> > const &,unsigned int,unsigned int)" (?open@SoundFileWriterOgg@priv@sf@@UEAA_NAEBV?$basic_string@DU?$char_traits@D@std@@V?$allocator@D@2@@std@@II@Z)
sfml-audio-s-d.lib(SoundFileWriterOgg.obj) : error LNK2019: unresolved external symbol ogg_stream_init referenced in function "public: virtual bool __cdecl sf::priv::SoundFileWriterOgg::open(class std::basic_string<char,struct std::char_traits<char>,class std::allocator<char> > const &,unsigned int,unsigned int)" (?open@SoundFileWriterOgg@priv@sf@@UEAA_NAEBV?$basic_string@DU?$char_traits@D@std@@V?$allocator@D@2@@std@@II@Z)
sfml-audio-s-d.lib(SoundFileWriterOgg.obj) : error LNK2019: unresolved external symbol ogg_stream_clear referenced in function "private: void __cdecl sf::priv::SoundFileWriterOgg::close(void)" (?close@SoundFileWriterOgg@priv@sf@@AEAAXXZ)
sfml-audio-s-d.lib(SoundFileWriterOgg.obj) : error LNK2019: unresolved external symbol vorbis_info_init referenced in function "public: virtual bool __cdecl sf::priv::SoundFileWriterOgg::open(class std::basic_string<char,struct std::char_traits<char>,class std::allocator<char> > const &,unsigned int,unsigned int)" (?open@SoundFileWriterOgg@priv@sf@@UEAA_NAEBV?$basic_string@DU?$char_traits@D@std@@V?$allocator@D@2@@std@@II@Z)
sfml-audio-s-d.lib(SoundFileWriterOgg.obj) : error LNK2019: unresolved external symbol vorbis_info_clear referenced in function "private: void __cdecl sf::priv::SoundFileWriterOgg::close(void)" (?close@SoundFileWriterOgg@priv@sf@@AEAAXXZ)
sfml-audio-s-d.lib(SoundFileWriterOgg.obj) : error LNK2019: unresolved external symbol vorbis_comment_init referenced in function "public: virtual bool __cdecl sf::priv::SoundFileWriterOgg::open(class std::basic_string<char,struct std::char_traits<char>,class std::allocator<char> > const &,unsigned int,unsigned int)" (?open@SoundFileWriterOgg@priv@sf@@UEAA_NAEBV?$basic_string@DU?$char_traits@D@std@@V?$allocator@D@2@@std@@II@Z)
sfml-audio-s-d.lib(SoundFileWriterOgg.obj) : error LNK2019: unresolved external symbol vorbis_comment_clear referenced in function "public: virtual bool __cdecl sf::priv::SoundFileWriterOgg::open(class std::basic_string<char,struct std::char_traits<char>,class std::allocator<char> > const &,unsigned int,unsigned int)" (?open@SoundFileWriterOgg@priv@sf@@UEAA_NAEBV?$basic_string@DU?$char_traits@D@std@@V?$allocator@D@2@@std@@II@Z)
sfml-audio-s-d.lib(SoundFileWriterOgg.obj) : error LNK2019: unresolved external symbol vorbis_block_init referenced in function "private: void __cdecl sf::priv::SoundFileWriterOgg::flushBlocks(void)" (?flushBlocks@SoundFileWriterOgg@priv@sf@@AEAAXXZ)
sfml-audio-s-d.lib(SoundFileWriterOgg.obj) : error LNK2019: unresolved external symbol vorbis_block_clear referenced in function "private: void __cdecl sf::priv::SoundFileWriterOgg::flushBlocks(void)" (?flushBlocks@SoundFileWriterOgg@priv@sf@@AEAAXXZ)
sfml-audio-s-d.lib(SoundFileWriterOgg.obj) : error LNK2019: unresolved external symbol vorbis_dsp_clear referenced in function "private: void __cdecl sf::priv::SoundFileWriterOgg::close(void)" (?close@SoundFileWriterOgg@priv@sf@@AEAAXXZ)
sfml-audio-s-d.lib(SoundFileWriterOgg.obj) : error LNK2019: unresolved external symbol vorbis_analysis_init referenced in function "public: virtual bool __cdecl sf::priv::SoundFileWriterOgg::open(class std::basic_string<char,struct std::char_traits<char>,class std::allocator<char> > const &,unsigned int,unsigned int)" (?open@SoundFileWriterOgg@priv@sf@@UEAA_NAEBV?$basic_string@DU?$char_traits@D@std@@V?$allocator@D@2@@std@@II@Z)
sfml-audio-s-d.lib(SoundFileWriterOgg.obj) : error LNK2019: unresolved external symbol vorbis_analysis_headerout referenced in function "public: virtual bool __cdecl sf::priv::SoundFileWriterOgg::open(class std::basic_string<char,struct std::char_traits<char>,class std::allocator<char> > const &,unsigned int,unsigned int)" (?open@SoundFileWriterOgg@priv@sf@@UEAA_NAEBV?$basic_string@DU?$char_traits@D@std@@V?$allocator@D@2@@std@@II@Z)
sfml-audio-s-d.lib(SoundFileWriterOgg.obj) : error LNK2019: unresolved external symbol vorbis_analysis_buffer referenced in function "public: virtual void __cdecl sf::priv::SoundFileWriterOgg::write(short const *,unsigned __int64)" (?write@SoundFileWriterOgg@priv@sf@@UEAAXPEBF_K@Z)
sfml-audio-s-d.lib(SoundFileWriterOgg.obj) : error LNK2019: unresolved external symbol vorbis_analysis_wrote referenced in function "public: virtual void __cdecl sf::priv::SoundFileWriterOgg::write(short const *,unsigned __int64)" (?write@SoundFileWriterOgg@priv@sf@@UEAAXPEBF_K@Z)
sfml-audio-s-d.lib(SoundFileWriterOgg.obj) : error LNK2019: unresolved external symbol vorbis_analysis_blockout referenced in function "private: void __cdecl sf::priv::SoundFileWriterOgg::flushBlocks(void)" (?flushBlocks@SoundFileWriterOgg@priv@sf@@AEAAXXZ)
sfml-audio-s-d.lib(SoundFileWriterOgg.obj) : error LNK2019: unresolved external symbol vorbis_analysis referenced in function "private: void __cdecl sf::priv::SoundFileWriterOgg::flushBlocks(void)" (?flushBlocks@SoundFileWriterOgg@priv@sf@@AEAAXXZ)
sfml-audio-s-d.lib(SoundFileWriterOgg.obj) : error LNK2019: unresolved external symbol vorbis_bitrate_addblock referenced in function "private: void __cdecl sf::priv::SoundFileWriterOgg::flushBlocks(void)" (?flushBlocks@SoundFileWriterOgg@priv@sf@@AEAAXXZ)
sfml-audio-s-d.lib(SoundFileWriterOgg.obj) : error LNK2019: unresolved external symbol vorbis_bitrate_flushpacket referenced in function "private: void __cdecl sf::priv::SoundFileWriterOgg::flushBlocks(void)" (?flushBlocks@SoundFileWriterOgg@priv@sf@@AEAAXXZ)
sfml-audio-s-d.lib(SoundFileWriterOgg.obj) : error LNK2019: unresolved external symbol vorbis_encode_init_vbr referenced in function "public: virtual bool __cdecl sf::priv::SoundFileWriterOgg::open(class std::basic_string<char,struct std::char_traits<char>,class std::allocator<char> > const &,unsigned int,unsigned int)" (?open@SoundFileWriterOgg@priv@sf@@UEAA_NAEBV?$basic_string@DU?$char_traits@D@std@@V?$allocator@D@2@@std@@II@Z)
C:\Users\dbliss-henaghan\source\repos\Chess Engine\x64\Debug\Chess Engine.exe : fatal error LNK1120: 71 unresolved externals
